{
  "stats": {
    "suites": 4,
    "tests": 6,
    "passes": 4,
    "pending": 0,
    "failures": 2,
    "testsRegistered": 6,
    "passPercent": 66.66666666666667,
    "pendingPercent": 0,
    "other": 0,
    "hasOther": false,
    "skipped": 0,
    "hasSkipped": false,
    "start": "2024-06-05T05:38:17.105Z",
    "end": "2024-06-05T05:38:53.417Z",
    "duration": 36312
  },
  "results": [
    {
      "uuid": "4952a4ca-e5d7-440b-b370-8780af0ce90d",
      "title": "",
      "fullFile": "cypress/e2e/basic.cy.ts",
      "file": "cypress/e2e/basic.cy.ts",
      "beforeHooks": [],
      "afterHooks": [],
      "tests": [
        {
          "title": "Google Search",
          "fullTitle": "Google Search",
          "timedOut": null,
          "duration": 7039,
          "state": "passed",
          "speed": "medium",
          "pass": true,
          "fail": false,
          "pending": false,
          "context": null,
          "code": "cy.visit('https://google.com');\ncy.get('#APjFqb').type(\"YSS Mumbai\");\ncy.wait(3000);\ncy.contains('Google Search').click();\ncy.contains('Images').click();",
          "err": {},
          "uuid": "d32effef-7829-4f62-bd0e-8847916bf0e1",
          "parentUUID": "4952a4ca-e5d7-440b-b370-8780af0ce90d",
          "isHook": false,
          "skipped": false
        }
      ],
      "suites": [],
      "passes": [
        "d32effef-7829-4f62-bd0e-8847916bf0e1"
      ],
      "failures": [],
      "pending": [],
      "skipped": [],
      "duration": 7039,
      "root": true,
      "rootEmpty": false,
      "_timeout": 2000
    },
    {
      "uuid": "15af80c1-ff44-4990-ac3c-0460544af85b",
      "title": "",
      "fullFile": "cypress/e2e/pomdemo.cy.ts",
      "file": "cypress/e2e/pomdemo.cy.ts",
      "beforeHooks": [],
      "afterHooks": [],
      "tests": [
        {
          "title": "Login with Invalid password",
          "fullTitle": "Login with Invalid password",
          "timedOut": null,
          "duration": 6697,
          "state": "failed",
          "speed": null,
          "pass": false,
          "fail": true,
          "pending": false,
          "context": null,
          "code": "loginPage.enterUsername('Admin');\nloginPage.enterPassword('admin1234');\nloginPage.clickLogin();\ncy.get('.oxd-userdropdown-tab').click();",
          "err": {
            "message": "AssertionError: Timed out retrying after 3000ms: Expected to find element: `.oxd-userdropdown-tab`, but never found it.",
            "estack": "AssertionError: Timed out retrying after 3000ms: Expected to find element: `.oxd-userdropdown-tab`, but never found it.\n    at Context.eval (webpack://py-cypress-hitesh-demo/./cypress/e2e/pomdemo.cy.ts:26:0)",
            "diff": null
          },
          "uuid": "7c5222dc-e2c2-4bc8-8fdc-2dc0336776bf",
          "parentUUID": "15af80c1-ff44-4990-ac3c-0460544af85b",
          "isHook": false,
          "skipped": false
        }
      ],
      "suites": [
        {
          "uuid": "5278a6c4-aea4-4c0c-88a6-47e158b0f7fa",
          "title": "All Login Tests",
          "fullFile": "",
          "file": "",
          "beforeHooks": [],
          "afterHooks": [],
          "tests": [
            {
              "title": "Login with Valid credentials",
              "fullTitle": "All Login Tests Login with Valid credentials",
              "timedOut": null,
              "duration": 2974,
              "state": "passed",
              "speed": "fast",
              "pass": true,
              "fail": false,
              "pending": false,
              "context": null,
              "code": "loginPage.enterUsername('Admin');\nloginPage.enterPassword('admin123');\nloginPage.clickLogin();\ncy.get('.oxd-userdropdown-tab').click();",
              "err": {},
              "uuid": "1c5f481a-5b17-42f5-a3dc-32e7ecff519d",
              "parentUUID": "5278a6c4-aea4-4c0c-88a6-47e158b0f7fa",
              "isHook": false,
              "skipped": false
            },
            {
              "title": "Login with Invalid username",
              "fullTitle": "All Login Tests Login with Invalid username",
              "timedOut": null,
              "duration": 5584,
              "state": "failed",
              "speed": null,
              "pass": false,
              "fail": true,
              "pending": false,
              "context": null,
              "code": "loginPage.enterUsername('AdminPY');\nloginPage.enterPassword('admin123');\nloginPage.clickLogin();\ncy.get('.oxd-userdropdown-tab').click();",
              "err": {
                "message": "AssertionError: Timed out retrying after 3000ms: Expected to find element: `.oxd-userdropdown-tab`, but never found it.",
                "estack": "AssertionError: Timed out retrying after 3000ms: Expected to find element: `.oxd-userdropdown-tab`, but never found it.\n    at Context.eval (webpack://py-cypress-hitesh-demo/./cypress/e2e/pomdemo.cy.ts:19:0)",
                "diff": null
              },
              "uuid": "aa58359c-7cf7-4798-84fe-75b1ebd4cbb9",
              "parentUUID": "5278a6c4-aea4-4c0c-88a6-47e158b0f7fa",
              "isHook": false,
              "skipped": false
            }
          ],
          "suites": [],
          "passes": [
            "1c5f481a-5b17-42f5-a3dc-32e7ecff519d"
          ],
          "failures": [
            "aa58359c-7cf7-4798-84fe-75b1ebd4cbb9"
          ],
          "pending": [],
          "skipped": [],
          "duration": 8558,
          "root": false,
          "rootEmpty": false,
          "_timeout": 2000
        }
      ],
      "passes": [],
      "failures": [
        "7c5222dc-e2c2-4bc8-8fdc-2dc0336776bf"
      ],
      "pending": [],
      "skipped": [],
      "duration": 6697,
      "root": true,
      "rootEmpty": false,
      "_timeout": 2000
    },
    {
      "uuid": "21e53cf3-0672-4b6e-8322-2edb77056381",
      "title": "",
      "fullFile": "cypress/e2e/spec.cy.js",
      "file": "cypress/e2e/spec.cy.js",
      "beforeHooks": [],
      "afterHooks": [],
      "tests": [],
      "suites": [
        {
          "uuid": "2db81d3b-a20a-4af5-a660-16f7c53ec333",
          "title": "template spec",
          "fullFile": "",
          "file": "",
          "beforeHooks": [],
          "afterHooks": [],
          "tests": [
            {
              "title": "passes",
              "fullTitle": "template spec passes",
              "timedOut": null,
              "duration": 240,
              "state": "passed",
              "speed": "fast",
              "pass": true,
              "fail": false,
              "pending": false,
              "context": null,
              "code": "cy.visit('https://example.cypress.io');",
              "err": {},
              "uuid": "5d42e4e1-c530-462e-a1c6-ec3f942b1fed",
              "parentUUID": "2db81d3b-a20a-4af5-a660-16f7c53ec333",
              "isHook": false,
              "skipped": false
            }
          ],
          "suites": [],
          "passes": [
            "5d42e4e1-c530-462e-a1c6-ec3f942b1fed"
          ],
          "failures": [],
          "pending": [],
          "skipped": [],
          "duration": 240,
          "root": false,
          "rootEmpty": false,
          "_timeout": 2000
        }
      ],
      "passes": [],
      "failures": [],
      "pending": [],
      "skipped": [],
      "duration": 0,
      "root": true,
      "rootEmpty": true,
      "_timeout": 2000
    },
    {
      "uuid": "e4bb0024-f73c-4620-9e9f-6062eaf5fd40",
      "title": "",
      "fullFile": "cypress/e2e/assertionsdemo.cy.ts",
      "file": "cypress/e2e/assertionsdemo.cy.ts",
      "beforeHooks": [],
      "afterHooks": [],
      "tests": [
        {
          "title": "Assertion Demo",
          "fullTitle": "Assertion Demo",
          "timedOut": null,
          "duration": 488,
          "state": "passed",
          "speed": "fast",
          "pass": true,
          "fail": false,
          "pending": false,
          "context": null,
          "code": "cy.visit(\"https://example.cypress.io\");\ncy.contains('get').click();\ncy.get('#query-btn').should('contain', 'Button').and('have.class', 'query-btn').and('be.visible').and('be.enabled');\nexpect(true).to.be.true;\n// assert.equal(4, '4', 'NOT equal');\nassert.strictEqual(4, 4, 'NOT equal');",
          "err": {},
          "uuid": "2d812409-c019-48f0-825d-2c93e20b4d00",
          "parentUUID": "e4bb0024-f73c-4620-9e9f-6062eaf5fd40",
          "isHook": false,
          "skipped": false
        }
      ],
      "suites": [],
      "passes": [
        "2d812409-c019-48f0-825d-2c93e20b4d00"
      ],
      "failures": [],
      "pending": [],
      "skipped": [],
      "duration": 488,
      "root": true,
      "rootEmpty": false,
      "_timeout": 2000
    }
  ],
  "meta": {
    "mocha": {
      "version": "7.0.1"
    },
    "mochawesome": {
      "options": {
        "quiet": false,
        "reportFilename": "mochawesome",
        "saveHtml": false,
        "saveJson": true,
        "consoleReporter": "spec",
        "useInlineDiffs": false,
        "code": true
      },
      "version": "7.1.3"
    },
    "marge": {
      "options": {
        "reportDir": "cypress/report/mochawesome-report",
        "chart": true,
        "overwrite": false,
        "html": false,
        "json": true
      },
      "version": "6.2.0"
    }
  }
}