{
  "stats": {
    "suites": 6,
    "tests": 11,
    "passes": 9,
    "pending": 0,
    "failures": 2,
    "testsRegistered": 11,
    "passPercent": 81.81818181818181,
    "pendingPercent": 0,
    "other": 0,
    "hasOther": false,
    "skipped": 0,
    "hasSkipped": false,
    "start": "2024-06-04T11:54:24.321Z",
    "end": "2024-06-04T11:55:09.397Z",
    "duration": 45076
  },
  "results": [
    {
      "uuid": "7fc5488e-de78-437f-8889-f23b08204ce6",
      "title": "",
      "fullFile": "cypress/e2e/basic.cy.ts",
      "file": "cypress/e2e/basic.cy.ts",
      "beforeHooks": [],
      "afterHooks": [],
      "tests": [
        {
          "title": "Google Search",
          "fullTitle": "Google Search",
          "timedOut": null,
          "duration": 8195,
          "state": "passed",
          "speed": "medium",
          "pass": true,
          "fail": false,
          "pending": false,
          "context": null,
          "code": "cy.visit('https://google.com');\ncy.get('#APjFqb').type(\"YSS Mumbai\");\ncy.wait(3000);\ncy.contains('Google Search').click();\ncy.contains('Images').click();",
          "err": {},
          "uuid": "c1c91716-5950-4034-b517-e972aee40021",
          "parentUUID": "7fc5488e-de78-437f-8889-f23b08204ce6",
          "isHook": false,
          "skipped": false
        }
      ],
      "suites": [],
      "passes": [
        "c1c91716-5950-4034-b517-e972aee40021"
      ],
      "failures": [],
      "pending": [],
      "skipped": [],
      "duration": 8195,
      "root": true,
      "rootEmpty": false,
      "_timeout": 2000
    },
    {
      "uuid": "6d3d186b-e276-4066-a116-4ef382bcfffb",
      "title": "",
      "fullFile": "cypress/e2e/fileuploadanddownload.cy.ts",
      "file": "cypress/e2e/fileuploadanddownload.cy.ts",
      "beforeHooks": [],
      "afterHooks": [],
      "tests": [
        {
          "title": "File Upload test",
          "fullTitle": "File Upload test",
          "timedOut": null,
          "duration": 466,
          "state": "passed",
          "speed": "fast",
          "pass": true,
          "fail": false,
          "pending": false,
          "context": null,
          "code": "cy.visit(\"https://trytestingthis.netlify.app/\");\n// cy.get('#myfile').attachFile(\"example.json\");\ncy.get('#myfile').attachFile(\"self_near_tank.png\");",
          "err": {},
          "uuid": "67166302-5037-4892-b90d-a977a46ba880",
          "parentUUID": "6d3d186b-e276-4066-a116-4ef382bcfffb",
          "isHook": false,
          "skipped": false
        },
        {
          "title": "Download File test",
          "fullTitle": "Download File test",
          "timedOut": null,
          "duration": 329,
          "state": "passed",
          "speed": "fast",
          "pass": true,
          "fail": false,
          "pending": false,
          "context": null,
          "code": "cy.downloadFile('https://upload.wikimedia.org/wikipedia/en/a/a9/Example.jpg', './cypress/downloads', 'example.jpg');",
          "err": {},
          "uuid": "fe6be760-08bd-4d1a-aecf-893da7bf8352",
          "parentUUID": "6d3d186b-e276-4066-a116-4ef382bcfffb",
          "isHook": false,
          "skipped": false
        }
      ],
      "suites": [],
      "passes": [
        "67166302-5037-4892-b90d-a977a46ba880",
        "fe6be760-08bd-4d1a-aecf-893da7bf8352"
      ],
      "failures": [],
      "pending": [],
      "skipped": [],
      "duration": 795,
      "root": true,
      "rootEmpty": false,
      "_timeout": 2000
    },
    {
      "uuid": "47cb5e7e-a217-4d02-8fff-908387184e8f",
      "title": "",
      "fullFile": "cypress/e2e/pomdemo.cy.ts",
      "file": "cypress/e2e/pomdemo.cy.ts",
      "beforeHooks": [],
      "afterHooks": [],
      "tests": [
        {
          "title": "Login with Invalid password",
          "fullTitle": "Login with Invalid password",
          "timedOut": null,
          "duration": 6767,
          "state": "failed",
          "speed": null,
          "pass": false,
          "fail": true,
          "pending": false,
          "context": null,
          "code": "loginPage.enterUsername('Admin');\nloginPage.enterPassword('admin1234');\nloginPage.clickLogin();\ncy.get('.oxd-userdropdown-tab').click();",
          "err": {
            "message": "AssertionError: Timed out retrying after 3000ms: Expected to find element: `.oxd-userdropdown-tab`, but never found it.",
            "estack": "AssertionError: Timed out retrying after 3000ms: Expected to find element: `.oxd-userdropdown-tab`, but never found it.\n    at Context.eval (webpack://py-cypress-hitesh-demo/./cypress/e2e/pomdemo.cy.ts:26:0)",
            "diff": null
          },
          "uuid": "6dcd370f-6d2f-42b0-a8c4-38b7fe821458",
          "parentUUID": "47cb5e7e-a217-4d02-8fff-908387184e8f",
          "isHook": false,
          "skipped": false
        }
      ],
      "suites": [
        {
          "uuid": "20e1bc5d-6abb-422c-b7a3-08caf0556d04",
          "title": "All Login Tests",
          "fullFile": "",
          "file": "",
          "beforeHooks": [],
          "afterHooks": [],
          "tests": [
            {
              "title": "Login with Valid credentials",
              "fullTitle": "All Login Tests Login with Valid credentials",
              "timedOut": null,
              "duration": 2919,
              "state": "passed",
              "speed": "fast",
              "pass": true,
              "fail": false,
              "pending": false,
              "context": null,
              "code": "loginPage.enterUsername('Admin');\nloginPage.enterPassword('admin123');\nloginPage.clickLogin();\ncy.get('.oxd-userdropdown-tab').click();",
              "err": {},
              "uuid": "1c0a95f9-18bb-4c0a-9fa7-7bf530e5c352",
              "parentUUID": "20e1bc5d-6abb-422c-b7a3-08caf0556d04",
              "isHook": false,
              "skipped": false
            },
            {
              "title": "Login with Invalid username",
              "fullTitle": "All Login Tests Login with Invalid username",
              "timedOut": null,
              "duration": 5775,
              "state": "failed",
              "speed": null,
              "pass": false,
              "fail": true,
              "pending": false,
              "context": null,
              "code": "loginPage.enterUsername('AdminPY');\nloginPage.enterPassword('admin123');\nloginPage.clickLogin();\ncy.get('.oxd-userdropdown-tab').click();",
              "err": {
                "message": "AssertionError: Timed out retrying after 3000ms: Expected to find element: `.oxd-userdropdown-tab`, but never found it.",
                "estack": "AssertionError: Timed out retrying after 3000ms: Expected to find element: `.oxd-userdropdown-tab`, but never found it.\n    at Context.eval (webpack://py-cypress-hitesh-demo/./cypress/e2e/pomdemo.cy.ts:19:0)",
                "diff": null
              },
              "uuid": "6dabbdde-52a4-44b3-ae22-1e2c15263c3b",
              "parentUUID": "20e1bc5d-6abb-422c-b7a3-08caf0556d04",
              "isHook": false,
              "skipped": false
            }
          ],
          "suites": [],
          "passes": [
            "1c0a95f9-18bb-4c0a-9fa7-7bf530e5c352"
          ],
          "failures": [
            "6dabbdde-52a4-44b3-ae22-1e2c15263c3b"
          ],
          "pending": [],
          "skipped": [],
          "duration": 8694,
          "root": false,
          "rootEmpty": false,
          "_timeout": 2000
        }
      ],
      "passes": [],
      "failures": [
        "6dcd370f-6d2f-42b0-a8c4-38b7fe821458"
      ],
      "pending": [],
      "skipped": [],
      "duration": 6767,
      "root": true,
      "rootEmpty": false,
      "_timeout": 2000
    },
    {
      "uuid": "7841319b-0017-4725-9b22-a494faf6c36e",
      "title": "",
      "fullFile": "cypress/e2e/readwritefilesdemo.cy.ts",
      "file": "cypress/e2e/readwritefilesdemo.cy.ts",
      "beforeHooks": [],
      "afterHooks": [],
      "tests": [
        {
          "title": "Read files using Fixture",
          "fullTitle": "Read files using Fixture",
          "timedOut": null,
          "duration": 35,
          "state": "passed",
          "speed": "fast",
          "pass": true,
          "fail": false,
          "pending": false,
          "context": null,
          "code": "cy.fixture(\"example\").then((data) => {\n    cy.log(data.name);\n    cy.log(data.email);\n    cy.log(data.body);\n});\n// cy.log(this.testData.name);",
          "err": {},
          "uuid": "dc196878-dfbf-4817-91a1-fcff4de7bc3c",
          "parentUUID": "7841319b-0017-4725-9b22-a494faf6c36e",
          "isHook": false,
          "skipped": false
        },
        {
          "title": "Read file using readFile()",
          "fullTitle": "Read file using readFile()",
          "timedOut": null,
          "duration": 31,
          "state": "passed",
          "speed": "fast",
          "pass": true,
          "fail": false,
          "pending": false,
          "context": null,
          "code": "cy.readFile(\"./cypress/fixtures/example.json\").then((result) => {\n    cy.log(result.name);\n    cy.log(result.email);\n    cy.log(result.body);\n});",
          "err": {},
          "uuid": "aaaf2d2d-8e86-4bec-bd9b-b5ad6812fad1",
          "parentUUID": "7841319b-0017-4725-9b22-a494faf6c36e",
          "isHook": false,
          "skipped": false
        },
        {
          "title": "Write file to demo",
          "fullTitle": "Write file to demo",
          "timedOut": null,
          "duration": 17,
          "state": "passed",
          "speed": "fast",
          "pass": true,
          "fail": false,
          "pending": false,
          "context": null,
          "code": "cy.writeFile(\"./cypress/fixtures/files/sample.txt\", 'Hello, this is testing for PY cypress\\n');\ncy.writeFile(\"./cypress/fixtures/files/sample.txt\", 'by Hitesh', { flag: 'a+' });",
          "err": {},
          "uuid": "755b0132-9a03-4b3c-b183-4352692ed4d0",
          "parentUUID": "7841319b-0017-4725-9b22-a494faf6c36e",
          "isHook": false,
          "skipped": false
        }
      ],
      "suites": [],
      "passes": [
        "dc196878-dfbf-4817-91a1-fcff4de7bc3c",
        "aaaf2d2d-8e86-4bec-bd9b-b5ad6812fad1",
        "755b0132-9a03-4b3c-b183-4352692ed4d0"
      ],
      "failures": [],
      "pending": [],
      "skipped": [],
      "duration": 83,
      "root": true,
      "rootEmpty": false,
      "_timeout": 2000
    },
    {
      "uuid": "e5dfb9c0-31b2-4b30-8ec7-c0c0e682b154",
      "title": "",
      "fullFile": "cypress/e2e/spec.cy.js",
      "file": "cypress/e2e/spec.cy.js",
      "beforeHooks": [],
      "afterHooks": [],
      "tests": [],
      "suites": [
        {
          "uuid": "b10977b2-a71f-4026-bac2-cc424765f0d2",
          "title": "template spec",
          "fullFile": "",
          "file": "",
          "beforeHooks": [],
          "afterHooks": [],
          "tests": [
            {
              "title": "passes",
              "fullTitle": "template spec passes",
              "timedOut": null,
              "duration": 234,
              "state": "passed",
              "speed": "fast",
              "pass": true,
              "fail": false,
              "pending": false,
              "context": null,
              "code": "cy.visit('https://example.cypress.io');",
              "err": {},
              "uuid": "3490216b-e1ba-43f0-adb3-2ffaed7b16f9",
              "parentUUID": "b10977b2-a71f-4026-bac2-cc424765f0d2",
              "isHook": false,
              "skipped": false
            }
          ],
          "suites": [],
          "passes": [
            "3490216b-e1ba-43f0-adb3-2ffaed7b16f9"
          ],
          "failures": [],
          "pending": [],
          "skipped": [],
          "duration": 234,
          "root": false,
          "rootEmpty": false,
          "_timeout": 2000
        }
      ],
      "passes": [],
      "failures": [],
      "pending": [],
      "skipped": [],
      "duration": 0,
      "root": true,
      "rootEmpty": true,
      "_timeout": 2000
    },
    {
      "uuid": "cecfc1ff-cf0d-4801-8ba9-2b3af9c07138",
      "title": "",
      "fullFile": "cypress/e2e/assertionsdemo.cy.ts",
      "file": "cypress/e2e/assertionsdemo.cy.ts",
      "beforeHooks": [],
      "afterHooks": [],
      "tests": [
        {
          "title": "Assertion Demo",
          "fullTitle": "Assertion Demo",
          "timedOut": null,
          "duration": 709,
          "state": "passed",
          "speed": "fast",
          "pass": true,
          "fail": false,
          "pending": false,
          "context": null,
          "code": "cy.visit(\"https://example.cypress.io\");\ncy.contains('get').click();\ncy.get('#query-btn').should('contain', 'Button').and('have.class', 'query-btn').and('be.visible').and('be.enabled');\nexpect(true).to.be.true;\n// assert.equal(4, '4', 'NOT equal');\nassert.strictEqual(4, 4, 'NOT equal');",
          "err": {},
          "uuid": "46a012c1-0e6f-4657-92c0-ebe7117027a8",
          "parentUUID": "cecfc1ff-cf0d-4801-8ba9-2b3af9c07138",
          "isHook": false,
          "skipped": false
        }
      ],
      "suites": [],
      "passes": [
        "46a012c1-0e6f-4657-92c0-ebe7117027a8"
      ],
      "failures": [],
      "pending": [],
      "skipped": [],
      "duration": 709,
      "root": true,
      "rootEmpty": false,
      "_timeout": 2000
    }
  ],
  "meta": {
    "mocha": {
      "version": "7.0.1"
    },
    "mochawesome": {
      "options": {
        "quiet": false,
        "reportFilename": "mochawesome",
        "saveHtml": false,
        "saveJson": true,
        "consoleReporter": "spec",
        "useInlineDiffs": false,
        "code": true
      },
      "version": "7.1.3"
    },
    "marge": {
      "options": {
        "reportDir": "cypress/report/mochawesome-report",
        "chart": true,
        "overwrite": false,
        "html": false,
        "json": true
      },
      "version": "6.2.0"
    }
  }
}