{
  "stats": {
    "suites": 0,
    "tests": 2,
    "passes": 2,
    "pending": 0,
    "failures": 0,
    "start": "2024-06-03T07:30:25.912Z",
    "end": "2024-06-03T07:30:28.676Z",
    "duration": 2764,
    "testsRegistered": 2,
    "passPercent": 100,
    "pendingPercent": 0,
    "other": 0,
    "hasOther": false,
    "skipped": 0,
    "hasSkipped": false
  },
  "results": [
    {
      "uuid": "c4d5f36e-3f86-4375-b6d5-a9575ab99a9f",
      "title": "",
      "fullFile": "cypress/e2e/fileuploadanddownload.cy.ts",
      "file": "cypress/e2e/fileuploadanddownload.cy.ts",
      "beforeHooks": [],
      "afterHooks": [],
      "tests": [
        {
          "title": "File Upload test",
          "fullTitle": "File Upload test",
          "timedOut": null,
          "duration": 523,
          "state": "passed",
          "speed": "fast",
          "pass": true,
          "fail": false,
          "pending": false,
          "context": null,
          "code": "cy.visit(\"https://trytestingthis.netlify.app/\");\n// cy.get('#myfile').attachFile(\"example.json\");\ncy.get('#myfile').attachFile(\"self_near_tank.png\");",
          "err": {},
          "uuid": "07f1ceb5-2ecb-4fc8-bdc9-6687a2697f74",
          "parentUUID": "c4d5f36e-3f86-4375-b6d5-a9575ab99a9f",
          "isHook": false,
          "skipped": false
        },
        {
          "title": "Download File test",
          "fullTitle": "Download File test",
          "timedOut": null,
          "duration": 354,
          "state": "passed",
          "speed": "fast",
          "pass": true,
          "fail": false,
          "pending": false,
          "context": null,
          "code": "cy.downloadFile('https://upload.wikimedia.org/wikipedia/en/a/a9/Example.jpg', './cypress/downloads', 'example.jpg');",
          "err": {},
          "uuid": "5faa8a04-f4e8-44f2-9a27-8c7d0aa98eab",
          "parentUUID": "c4d5f36e-3f86-4375-b6d5-a9575ab99a9f",
          "isHook": false,
          "skipped": false
        }
      ],
      "suites": [],
      "passes": [
        "07f1ceb5-2ecb-4fc8-bdc9-6687a2697f74",
        "5faa8a04-f4e8-44f2-9a27-8c7d0aa98eab"
      ],
      "failures": [],
      "pending": [],
      "skipped": [],
      "duration": 877,
      "root": true,
      "rootEmpty": false,
      "_timeout": 2000
    }
  ],
  "meta": {
    "mocha": {
      "version": "7.0.1"
    },
    "mochawesome": {
      "options": {
        "quiet": false,
        "reportFilename": "mochawesome",
        "saveHtml": false,
        "saveJson": true,
        "consoleReporter": "spec",
        "useInlineDiffs": false,
        "code": true
      },
      "version": "7.1.3"
    },
    "marge": {
      "options": {
        "reportDir": "cypress/report/mochawesome-report",
        "chart": true,
        "overwrite": false,
        "html": false,
        "json": true
      },
      "version": "6.2.0"
    }
  }
}