{
  "stats": {
    "suites": 0,
    "tests": 1,
    "passes": 1,
    "pending": 0,
    "failures": 0,
    "start": "2024-06-03T07:30:14.456Z",
    "end": "2024-06-03T07:30:23.605Z",
    "duration": 9149,
    "testsRegistered": 1,
    "passPercent": 100,
    "pendingPercent": 0,
    "other": 0,
    "hasOther": false,
    "skipped": 0,
    "hasSkipped": false
  },
  "results": [
    {
      "uuid": "a42c3b87-7c12-40bb-ba95-e74927315b4a",
      "title": "",
      "fullFile": "cypress/e2e/basic.cy.ts",
      "file": "cypress/e2e/basic.cy.ts",
      "beforeHooks": [],
      "afterHooks": [],
      "tests": [
        {
          "title": "Google Search",
          "fullTitle": "Google Search",
          "timedOut": null,
          "duration": 7195,
          "state": "passed",
          "speed": "medium",
          "pass": true,
          "fail": false,
          "pending": false,
          "context": null,
          "code": "cy.visit('https://google.com');\ncy.get('#APjFqb').type(\"YSS Mumbai\");\ncy.wait(3000);\ncy.contains('Google Search').click();\ncy.contains('Images').click();",
          "err": {},
          "uuid": "504398c7-e21e-493b-b222-2b1dfcb51cdb",
          "parentUUID": "a42c3b87-7c12-40bb-ba95-e74927315b4a",
          "isHook": false,
          "skipped": false
        }
      ],
      "suites": [],
      "passes": [
        "504398c7-e21e-493b-b222-2b1dfcb51cdb"
      ],
      "failures": [],
      "pending": [],
      "skipped": [],
      "duration": 7195,
      "root": true,
      "rootEmpty": false,
      "_timeout": 2000
    }
  ],
  "meta": {
    "mocha": {
      "version": "7.0.1"
    },
    "mochawesome": {
      "options": {
        "quiet": false,
        "reportFilename": "mochawesome",
        "saveHtml": false,
        "saveJson": true,
        "consoleReporter": "spec",
        "useInlineDiffs": false,
        "code": true
      },
      "version": "7.1.3"
    },
    "marge": {
      "options": {
        "reportDir": "cypress/report/mochawesome-report",
        "chart": true,
        "overwrite": false,
        "html": false,
        "json": true
      },
      "version": "6.2.0"
    }
  }
}