{
  "stats": {
    "suites": 0,
    "tests": 3,
    "passes": 3,
    "pending": 0,
    "failures": 0,
    "start": "2024-06-04T11:55:05.729Z",
    "end": "2024-06-04T11:55:05.848Z",
    "duration": 119,
    "testsRegistered": 3,
    "passPercent": 100,
    "pendingPercent": 0,
    "other": 0,
    "hasOther": false,
    "skipped": 0,
    "hasSkipped": false
  },
  "results": [
    {
      "uuid": "7841319b-0017-4725-9b22-a494faf6c36e",
      "title": "",
      "fullFile": "cypress/e2e/readwritefilesdemo.cy.ts",
      "file": "cypress/e2e/readwritefilesdemo.cy.ts",
      "beforeHooks": [],
      "afterHooks": [],
      "tests": [
        {
          "title": "Read files using Fixture",
          "fullTitle": "Read files using Fixture",
          "timedOut": null,
          "duration": 35,
          "state": "passed",
          "speed": "fast",
          "pass": true,
          "fail": false,
          "pending": false,
          "context": null,
          "code": "cy.fixture(\"example\").then((data) => {\n    cy.log(data.name);\n    cy.log(data.email);\n    cy.log(data.body);\n});\n// cy.log(this.testData.name);",
          "err": {},
          "uuid": "dc196878-dfbf-4817-91a1-fcff4de7bc3c",
          "parentUUID": "7841319b-0017-4725-9b22-a494faf6c36e",
          "isHook": false,
          "skipped": false
        },
        {
          "title": "Read file using readFile()",
          "fullTitle": "Read file using readFile()",
          "timedOut": null,
          "duration": 31,
          "state": "passed",
          "speed": "fast",
          "pass": true,
          "fail": false,
          "pending": false,
          "context": null,
          "code": "cy.readFile(\"./cypress/fixtures/example.json\").then((result) => {\n    cy.log(result.name);\n    cy.log(result.email);\n    cy.log(result.body);\n});",
          "err": {},
          "uuid": "aaaf2d2d-8e86-4bec-bd9b-b5ad6812fad1",
          "parentUUID": "7841319b-0017-4725-9b22-a494faf6c36e",
          "isHook": false,
          "skipped": false
        },
        {
          "title": "Write file to demo",
          "fullTitle": "Write file to demo",
          "timedOut": null,
          "duration": 17,
          "state": "passed",
          "speed": "fast",
          "pass": true,
          "fail": false,
          "pending": false,
          "context": null,
          "code": "cy.writeFile(\"./cypress/fixtures/files/sample.txt\", 'Hello, this is testing for PY cypress\\n');\ncy.writeFile(\"./cypress/fixtures/files/sample.txt\", 'by Hitesh', { flag: 'a+' });",
          "err": {},
          "uuid": "755b0132-9a03-4b3c-b183-4352692ed4d0",
          "parentUUID": "7841319b-0017-4725-9b22-a494faf6c36e",
          "isHook": false,
          "skipped": false
        }
      ],
      "suites": [],
      "passes": [
        "dc196878-dfbf-4817-91a1-fcff4de7bc3c",
        "aaaf2d2d-8e86-4bec-bd9b-b5ad6812fad1",
        "755b0132-9a03-4b3c-b183-4352692ed4d0"
      ],
      "failures": [],
      "pending": [],
      "skipped": [],
      "duration": 83,
      "root": true,
      "rootEmpty": false,
      "_timeout": 2000
    }
  ],
  "meta": {
    "mocha": {
      "version": "7.0.1"
    },
    "mochawesome": {
      "options": {
        "quiet": false,
        "reportFilename": "mochawesome",
        "saveHtml": false,
        "saveJson": true,
        "consoleReporter": "spec",
        "useInlineDiffs": false,
        "code": true
      },
      "version": "7.1.3"
    },
    "marge": {
      "options": {
        "reportDir": "cypress/report/mochawesome-report",
        "chart": true,
        "overwrite": false,
        "html": false,
        "json": true
      },
      "version": "6.2.0"
    }
  }
}