{
  "stats": {
    "suites": 0,
    "tests": 1,
    "passes": 1,
    "pending": 0,
    "failures": 0,
    "start": "2024-06-05T05:38:21.211Z",
    "end": "2024-06-05T05:38:30.146Z",
    "duration": 8935,
    "testsRegistered": 1,
    "passPercent": 100,
    "pendingPercent": 0,
    "other": 0,
    "hasOther": false,
    "skipped": 0,
    "hasSkipped": false
  },
  "results": [
    {
      "uuid": "4952a4ca-e5d7-440b-b370-8780af0ce90d",
      "title": "",
      "fullFile": "cypress/e2e/basic.cy.ts",
      "file": "cypress/e2e/basic.cy.ts",
      "beforeHooks": [],
      "afterHooks": [],
      "tests": [
        {
          "title": "Google Search",
          "fullTitle": "Google Search",
          "timedOut": null,
          "duration": 7039,
          "state": "passed",
          "speed": "medium",
          "pass": true,
          "fail": false,
          "pending": false,
          "context": null,
          "code": "cy.visit('https://google.com');\ncy.get('#APjFqb').type(\"YSS Mumbai\");\ncy.wait(3000);\ncy.contains('Google Search').click();\ncy.contains('Images').click();",
          "err": {},
          "uuid": "d32effef-7829-4f62-bd0e-8847916bf0e1",
          "parentUUID": "4952a4ca-e5d7-440b-b370-8780af0ce90d",
          "isHook": false,
          "skipped": false
        }
      ],
      "suites": [],
      "passes": [
        "d32effef-7829-4f62-bd0e-8847916bf0e1"
      ],
      "failures": [],
      "pending": [],
      "skipped": [],
      "duration": 7039,
      "root": true,
      "rootEmpty": false,
      "_timeout": 2000
    }
  ],
  "meta": {
    "mocha": {
      "version": "7.0.1"
    },
    "mochawesome": {
      "options": {
        "quiet": false,
        "reportFilename": "mochawesome",
        "saveHtml": false,
        "saveJson": true,
        "consoleReporter": "spec",
        "useInlineDiffs": false,
        "code": true
      },
      "version": "7.1.3"
    },
    "marge": {
      "options": {
        "reportDir": "cypress/report/mochawesome-report",
        "chart": true,
        "overwrite": false,
        "html": false,
        "json": true
      },
      "version": "6.2.0"
    }
  }
}