{
  "stats": {
    "suites": 0,
    "tests": 1,
    "passes": 1,
    "pending": 0,
    "failures": 0,
    "start": "2024-06-04T11:54:24.321Z",
    "end": "2024-06-04T11:54:26.204Z",
    "duration": 1883,
    "testsRegistered": 1,
    "passPercent": 100,
    "pendingPercent": 0,
    "other": 0,
    "hasOther": false,
    "skipped": 0,
    "hasSkipped": false
  },
  "results": [
    {
      "uuid": "cecfc1ff-cf0d-4801-8ba9-2b3af9c07138",
      "title": "",
      "fullFile": "cypress/e2e/assertionsdemo.cy.ts",
      "file": "cypress/e2e/assertionsdemo.cy.ts",
      "beforeHooks": [],
      "afterHooks": [],
      "tests": [
        {
          "title": "Assertion Demo",
          "fullTitle": "Assertion Demo",
          "timedOut": null,
          "duration": 709,
          "state": "passed",
          "speed": "fast",
          "pass": true,
          "fail": false,
          "pending": false,
          "context": null,
          "code": "cy.visit(\"https://example.cypress.io\");\ncy.contains('get').click();\ncy.get('#query-btn').should('contain', 'Button').and('have.class', 'query-btn').and('be.visible').and('be.enabled');\nexpect(true).to.be.true;\n// assert.equal(4, '4', 'NOT equal');\nassert.strictEqual(4, 4, 'NOT equal');",
          "err": {},
          "uuid": "46a012c1-0e6f-4657-92c0-ebe7117027a8",
          "parentUUID": "cecfc1ff-cf0d-4801-8ba9-2b3af9c07138",
          "isHook": false,
          "skipped": false
        }
      ],
      "suites": [],
      "passes": [
        "46a012c1-0e6f-4657-92c0-ebe7117027a8"
      ],
      "failures": [],
      "pending": [],
      "skipped": [],
      "duration": 709,
      "root": true,
      "rootEmpty": false,
      "_timeout": 2000
    }
  ],
  "meta": {
    "mocha": {
      "version": "7.0.1"
    },
    "mochawesome": {
      "options": {
        "quiet": false,
        "reportFilename": "mochawesome",
        "saveHtml": false,
        "saveJson": true,
        "consoleReporter": "spec",
        "useInlineDiffs": false,
        "code": true
      },
      "version": "7.1.3"
    },
    "marge": {
      "options": {
        "reportDir": "cypress/report/mochawesome-report",
        "chart": true,
        "overwrite": false,
        "html": false,
        "json": true
      },
      "version": "6.2.0"
    }
  }
}