{
  "stats": {
    "suites": 1,
    "tests": 3,
    "passes": 1,
    "pending": 0,
    "failures": 2,
    "start": "2024-06-04T11:54:45.872Z",
    "end": "2024-06-04T11:55:03.581Z",
    "duration": 17709,
    "testsRegistered": 3,
    "passPercent": 33.33333333333333,
    "pendingPercent": 0,
    "other": 0,
    "hasOther": false,
    "skipped": 0,
    "hasSkipped": false
  },
  "results": [
    {
      "uuid": "47cb5e7e-a217-4d02-8fff-908387184e8f",
      "title": "",
      "fullFile": "cypress/e2e/pomdemo.cy.ts",
      "file": "cypress/e2e/pomdemo.cy.ts",
      "beforeHooks": [],
      "afterHooks": [],
      "tests": [
        {
          "title": "Login with Invalid password",
          "fullTitle": "Login with Invalid password",
          "timedOut": null,
          "duration": 6767,
          "state": "failed",
          "speed": null,
          "pass": false,
          "fail": true,
          "pending": false,
          "context": null,
          "code": "loginPage.enterUsername('Admin');\nloginPage.enterPassword('admin1234');\nloginPage.clickLogin();\ncy.get('.oxd-userdropdown-tab').click();",
          "err": {
            "message": "AssertionError: Timed out retrying after 3000ms: Expected to find element: `.oxd-userdropdown-tab`, but never found it.",
            "estack": "AssertionError: Timed out retrying after 3000ms: Expected to find element: `.oxd-userdropdown-tab`, but never found it.\n    at Context.eval (webpack://py-cypress-hitesh-demo/./cypress/e2e/pomdemo.cy.ts:26:0)",
            "diff": null
          },
          "uuid": "6dcd370f-6d2f-42b0-a8c4-38b7fe821458",
          "parentUUID": "47cb5e7e-a217-4d02-8fff-908387184e8f",
          "isHook": false,
          "skipped": false
        }
      ],
      "suites": [
        {
          "uuid": "20e1bc5d-6abb-422c-b7a3-08caf0556d04",
          "title": "All Login Tests",
          "fullFile": "",
          "file": "",
          "beforeHooks": [],
          "afterHooks": [],
          "tests": [
            {
              "title": "Login with Valid credentials",
              "fullTitle": "All Login Tests Login with Valid credentials",
              "timedOut": null,
              "duration": 2919,
              "state": "passed",
              "speed": "fast",
              "pass": true,
              "fail": false,
              "pending": false,
              "context": null,
              "code": "loginPage.enterUsername('Admin');\nloginPage.enterPassword('admin123');\nloginPage.clickLogin();\ncy.get('.oxd-userdropdown-tab').click();",
              "err": {},
              "uuid": "1c0a95f9-18bb-4c0a-9fa7-7bf530e5c352",
              "parentUUID": "20e1bc5d-6abb-422c-b7a3-08caf0556d04",
              "isHook": false,
              "skipped": false
            },
            {
              "title": "Login with Invalid username",
              "fullTitle": "All Login Tests Login with Invalid username",
              "timedOut": null,
              "duration": 5775,
              "state": "failed",
              "speed": null,
              "pass": false,
              "fail": true,
              "pending": false,
              "context": null,
              "code": "loginPage.enterUsername('AdminPY');\nloginPage.enterPassword('admin123');\nloginPage.clickLogin();\ncy.get('.oxd-userdropdown-tab').click();",
              "err": {
                "message": "AssertionError: Timed out retrying after 3000ms: Expected to find element: `.oxd-userdropdown-tab`, but never found it.",
                "estack": "AssertionError: Timed out retrying after 3000ms: Expected to find element: `.oxd-userdropdown-tab`, but never found it.\n    at Context.eval (webpack://py-cypress-hitesh-demo/./cypress/e2e/pomdemo.cy.ts:19:0)",
                "diff": null
              },
              "uuid": "6dabbdde-52a4-44b3-ae22-1e2c15263c3b",
              "parentUUID": "20e1bc5d-6abb-422c-b7a3-08caf0556d04",
              "isHook": false,
              "skipped": false
            }
          ],
          "suites": [],
          "passes": [
            "1c0a95f9-18bb-4c0a-9fa7-7bf530e5c352"
          ],
          "failures": [
            "6dabbdde-52a4-44b3-ae22-1e2c15263c3b"
          ],
          "pending": [],
          "skipped": [],
          "duration": 8694,
          "root": false,
          "rootEmpty": false,
          "_timeout": 2000
        }
      ],
      "passes": [],
      "failures": [
        "6dcd370f-6d2f-42b0-a8c4-38b7fe821458"
      ],
      "pending": [],
      "skipped": [],
      "duration": 6767,
      "root": true,
      "rootEmpty": false,
      "_timeout": 2000
    }
  ],
  "meta": {
    "mocha": {
      "version": "7.0.1"
    },
    "mochawesome": {
      "options": {
        "quiet": false,
        "reportFilename": "mochawesome",
        "saveHtml": false,
        "saveJson": true,
        "consoleReporter": "spec",
        "useInlineDiffs": false,
        "code": true
      },
      "version": "7.1.3"
    },
    "marge": {
      "options": {
        "reportDir": "cypress/report/mochawesome-report",
        "chart": true,
        "overwrite": false,
        "html": false,
        "json": true
      },
      "version": "6.2.0"
    }
  }
}