{
  "stats": {
    "suites": 0,
    "tests": 2,
    "passes": 2,
    "pending": 0,
    "failures": 0,
    "start": "2024-06-04T11:54:40.698Z",
    "end": "2024-06-04T11:54:43.615Z",
    "duration": 2917,
    "testsRegistered": 2,
    "passPercent": 100,
    "pendingPercent": 0,
    "other": 0,
    "hasOther": false,
    "skipped": 0,
    "hasSkipped": false
  },
  "results": [
    {
      "uuid": "6d3d186b-e276-4066-a116-4ef382bcfffb",
      "title": "",
      "fullFile": "cypress/e2e/fileuploadanddownload.cy.ts",
      "file": "cypress/e2e/fileuploadanddownload.cy.ts",
      "beforeHooks": [],
      "afterHooks": [],
      "tests": [
        {
          "title": "File Upload test",
          "fullTitle": "File Upload test",
          "timedOut": null,
          "duration": 466,
          "state": "passed",
          "speed": "fast",
          "pass": true,
          "fail": false,
          "pending": false,
          "context": null,
          "code": "cy.visit(\"https://trytestingthis.netlify.app/\");\n// cy.get('#myfile').attachFile(\"example.json\");\ncy.get('#myfile').attachFile(\"self_near_tank.png\");",
          "err": {},
          "uuid": "67166302-5037-4892-b90d-a977a46ba880",
          "parentUUID": "6d3d186b-e276-4066-a116-4ef382bcfffb",
          "isHook": false,
          "skipped": false
        },
        {
          "title": "Download File test",
          "fullTitle": "Download File test",
          "timedOut": null,
          "duration": 329,
          "state": "passed",
          "speed": "fast",
          "pass": true,
          "fail": false,
          "pending": false,
          "context": null,
          "code": "cy.downloadFile('https://upload.wikimedia.org/wikipedia/en/a/a9/Example.jpg', './cypress/downloads', 'example.jpg');",
          "err": {},
          "uuid": "fe6be760-08bd-4d1a-aecf-893da7bf8352",
          "parentUUID": "6d3d186b-e276-4066-a116-4ef382bcfffb",
          "isHook": false,
          "skipped": false
        }
      ],
      "suites": [],
      "passes": [
        "67166302-5037-4892-b90d-a977a46ba880",
        "fe6be760-08bd-4d1a-aecf-893da7bf8352"
      ],
      "failures": [],
      "pending": [],
      "skipped": [],
      "duration": 795,
      "root": true,
      "rootEmpty": false,
      "_timeout": 2000
    }
  ],
  "meta": {
    "mocha": {
      "version": "7.0.1"
    },
    "mochawesome": {
      "options": {
        "quiet": false,
        "reportFilename": "mochawesome",
        "saveHtml": false,
        "saveJson": true,
        "consoleReporter": "spec",
        "useInlineDiffs": false,
        "code": true
      },
      "version": "7.1.3"
    },
    "marge": {
      "options": {
        "reportDir": "cypress/report/mochawesome-report",
        "chart": true,
        "overwrite": false,
        "html": false,
        "json": true
      },
      "version": "6.2.0"
    }
  }
}